生成启动时间为 2019/9/10 14:39:15。
     1>项目“C:\Users\Administrator\Documents\Visual Studio 2010\Projects\CProject\CProject\CProject.vcxproj”在节点 2 上(build 个目标)。
     1>InitializeBuildStatus:
         正在创建“Debug\CProject.unsuccessfulbuild”，因为已指定“AlwaysCreate”。
       ClCompile:
         所有输出均为最新。
         D:\program\vc2010express\VC\bin\CL.exe /c /Zi /nologo /W3 /WX- /Od /Oy- /D _MBCS /Gm /EHsc /RTC1 /MDd /GS /fp:precise /Zc:wchar_t /Zc:forScope /Fo"Debug\\" /Fd"Debug\vc100.pdb" /Gd /TC /analyze- /errorReport:prompt allExercise01.c allExercise02.c arithmeticDemo.c arithmeticExercise01.c arithmeticExercise02.c arrDemo02.c arrDetail.c arrExercise.c arrayDemo01.c assignedOperator.c basicToStr.c binarySearch.c boolDemo.c breakDemo.c breakExercise02.c bubbleSort.c callbackFun.c catDemo.c charArrDemo01.c charArrDemo02.c charArrDemo03.c charArrDemo4.c charArrDemo5.c charDemo.c constDemo01.c constDemo02.c constvsdefine01.c constvsdefine02.c continueDemo01.c customerManage.c debugDemo.c debugDemo02.c debugDemo04.c debugDemo3.c defineDemo.c defineDemo.c doWhileDemo.c doWhileExercise.c enumDemo.c enumDemo02.c enumSwitchDemo.c exercise01.c exercise02.c file01.c file02.c file03.c file04.c fileDemo01.c fileDemo02.c fileDemo03.c fileDemo04.c fileDemo05.c floatdoubleDemo.c forDemo01.c forExercise01.c forceTypeTransfer.c funDetails.c funPointer.c funVsDefine.c funcDemo01.c funcExercise01.c gotoDemo.c hello.c ifDemo.c ifelseDemo.c ifelseExercise.c inputDemo.c intDemo.c intDetail.c logicOperator.c mallocDemo.c memberNotice.c muitlArrExercise01.c muitlPointerDemo.c mulOperator.c multiArrDemo01.c multiForExercise01.c multiForExercise02.c multiIfElse.c multiIfElse02.c multiParameterFun.c myAccount.c myAccount2.c myExercise.c myfun.c nestedIfElse.c operatorDemo.c parameterDefine.c pointer.c pointerArr01.c pointerArrCase.c pointerCompare.c pointerCompare02.c pointerDemo01.c pointerDemo02.c pointerDemo03.c pointerExercise01.c pointerPassDemo01.c pointerPassDemo02.c preProcessDemo01.c recursionDemo01.c recursionExercise.c returnPointerExercise.c returnPointerFun.c returnPointerFunDetail.c searchSeq.c stars.c staticDemo.c strFun.c strToBasic.c structExercise01.c structMemberDemo02.c stuAndTeacher.c studensScore.c switchDemo.c switchExercise.c test.c timeDemo01.c typeTransfer.c unionDemo01.c varDemo01.c varDetail.c varExercise01.c varExercise02.c varInitDemo.c varScope01.c visitorTicket.c whileDemo.c whileExercise.c
         whileExercise.c
         whileDemo.c
         visitorTicket.c
         varScope01.c
         varInitDemo.c
         varExercise02.c
         varExercise01.c
         varDetail.c
         varDemo01.c
         unionDemo01.c
         typeTransfer.c
         timeDemo01.c
         test.c
         switchExercise.c
         switchDemo.c
         studensScore.c
         stuAndTeacher.c
         structMemberDemo02.c
         structExercise01.c
         strToBasic.c
         正在生成代码...
         正在编译...
         strFun.c
         staticDemo.c
         stars.c
         searchSeq.c
         returnPointerFunDetail.c
         returnPointerFun.c
         returnPointerExercise.c
         recursionExercise.c
         recursionDemo01.c
         preProcessDemo01.c
         pointerPassDemo02.c
         pointerPassDemo01.c
         pointerExercise01.c
         pointerDemo03.c
         pointerDemo02.c
         pointerDemo01.c
         pointerCompare02.c
         pointerCompare.c
         pointerArrCase.c
         pointerArr01.c
         正在生成代码...
         正在编译...
         pointer.c
         parameterDefine.c
         operatorDemo.c
         nestedIfElse.c
         myfun.c
         myExercise.c
         myAccount2.c
         myAccount.c
         multiParameterFun.c
         multiIfElse02.c
         multiIfElse.c
         multiForExercise02.c
         multiForExercise01.c
         multiArrDemo01.c
         mulOperator.c
         muitlPointerDemo.c
         muitlArrExercise01.c
         memberNotice.c
         mallocDemo.c
         logicOperator.c
         正在生成代码...
         正在编译...
         intDetail.c
         intDemo.c
         inputDemo.c
         ifelseExercise.c
         ifelseDemo.c
         ifDemo.c
         hello.c
         gotoDemo.c
         funcExercise01.c
         funcDemo01.c
         funVsDefine.c
         funPointer.c
         funDetails.c
         forceTypeTransfer.c
         forExercise01.c
         forDemo01.c
         floatdoubleDemo.c
         fileDemo05.c
         fileDemo04.c
         fileDemo03.c
         正在生成代码...
         正在编译...
         fileDemo02.c
         fileDemo01.c
         file04.c
         file03.c
         file02.c
         file01.c
         exercise02.c
         exercise01.c
         enumSwitchDemo.c
         enumDemo02.c
         enumDemo.c
         doWhileExercise.c
         doWhileDemo.c
         defineDemo.c
         defineDemo.c
         debugDemo3.c
         debugDemo04.c
         debugDemo02.c
         debugDemo.c
         customerManage.c
         正在生成代码...
         正在编译...
         continueDemo01.c
         constvsdefine02.c
         constvsdefine01.c
         constDemo02.c
         constDemo01.c
         charDemo.c
         charArrDemo5.c
         charArrDemo4.c
         charArrDemo03.c
         charArrDemo02.c
         charArrDemo01.c
         catDemo.c
         callbackFun.c
         bubbleSort.c
         breakExercise02.c
         breakDemo.c
         boolDemo.c
         binarySearch.c
         basicToStr.c
         assignedOperator.c
         正在生成代码...
         正在编译...
         arrayDemo01.c
         arrExercise.c
         arrDetail.c
         arrDemo02.c
         arithmeticExercise02.c
         arithmeticExercise01.c
         arithmeticDemo.c
         allExercise02.c
         allExercise01.c
         正在生成代码...
       Link:
         D:\program\vc2010express\VC\bin\link.exe /ERRORREPORT:PROMPT /OUT:"C:\Users\Administrator\Documents\Visual Studio 2010\Projects\CProject\Debug\CProject.exe" /NOLOGO kernel32.lib user32.lib gdi32.lib winspool.lib comdlg32.lib advapi32.lib shell32.lib ole32.lib oleaut32.lib uuid.lib odbc32.lib odbccp32.lib /MANIFEST /ManifestFile:"Debug\CProject.exe.intermediate.manifest" /MANIFESTUAC:"level='asInvoker' uiAccess='false'" /DEBUG /PDB:"C:\Users\Administrator\Documents\Visual Studio 2010\Projects\CProject\Debug\CProject.pdb" /TLBID:1 /DYNAMICBASE /NXCOMPAT /IMPLIB:"C:\Users\Administrator\Documents\Visual Studio 2010\Projects\CProject\Debug\CProject.lib" /MACHINE:X86 Debug\addressPassDemo.obj
         Debug\allExercise01.obj
         Debug\allExercise02.obj
         Debug\arithmeticDemo.obj
         Debug\arithmeticExercise01.obj
         Debug\arithmeticExercise02.obj
         Debug\arrayDemo01.obj
         Debug\arrDemo02.obj
         Debug\arrDetail.obj
         Debug\arrExercise.obj
         Debug\assignedOperator.obj
         Debug\basicToStr.obj
         Debug\binarySearch.obj
         Debug\boolDemo.obj
         Debug\breakDemo.obj
         Debug\breakExercise02.obj
         Debug\bubbleSort.obj
         Debug\callbackFun.obj
         Debug\catDemo.obj
         Debug\charArrDemo01.obj
         Debug\charArrDemo02.obj
         Debug\charArrDemo03.obj
         Debug\charArrDemo4.obj
         Debug\charArrDemo5.obj
         Debug\charDemo.obj
         Debug\constDemo01.obj
         Debug\constDemo02.obj
         Debug\constvsdefine01.obj
         Debug\constvsdefine02.obj
         Debug\continueDemo01.obj
         Debug\continueExercise.obj
         Debug\customerManage.obj
         Debug\debugDemo.obj
         Debug\debugDemo02.obj
         Debug\debugDemo04.obj
         Debug\debugDemo3.obj
         Debug\defineDemo.obj
         Debug\defineDemo.obj
         Debug\doWhileDemo.obj
         Debug\doWhileExercise.obj
         Debug\enumDemo.obj
         Debug\enumDemo02.obj
         Debug\enumSwitchDemo.obj
         Debug\exercise01.obj
         Debug\exercise02.obj
         Debug\exercise03.obj
         Debug\file01.obj
         Debug\file02.obj
         Debug\file03.obj
         Debug\file04.obj
         Debug\fileDemo01.obj
         Debug\fileDemo02.obj
         Debug\fileDemo03.obj
         Debug\fileDemo04.obj
         Debug\fileDemo05.obj
         Debug\floatdoubleDemo.obj
         Debug\forceTypeTransfer.obj
         Debug\forDemo01.obj
         Debug\forExercise01.obj
         Debug\funcDemo01.obj
         Debug\funcExercise01.obj
         Debug\funcTheory.obj
         Debug\funDetailExercise.obj
         Debug\funDetails.obj
         Debug\funPointer.obj
         Debug\funVsDefine.obj
         Debug\gotoDemo.obj
         Debug\hello.obj
         Debug\ifDemo.obj
         Debug\ifelseDemo.obj
         Debug\ifelseExercise.obj
         Debug\inputDemo.obj
         Debug\intDemo.obj
         Debug\intDetail.obj
         Debug\logicOperator.obj
         Debug\mallocDemo.obj
         Debug\memberNotice.obj
         Debug\muitlArrExercise01.obj
         Debug\muitlPointerDemo.obj
         Debug\mulOperator.obj
         Debug\multiArrDemo01.obj
         Debug\multiForExercise01.obj
         Debug\multiForExercise02.obj
         Debug\multiIfElse.obj
         Debug\multiIfElse02.obj
         Debug\multiParameterFun.obj
         Debug\myAccount.obj
         Debug\myAccount2.obj
         Debug\myExercise.obj
         Debug\myfun.obj
         Debug\nestedIfElse.obj
         Debug\nullPointer.obj
         Debug\operatorDemo.obj
         Debug\parameterDefine.obj
         Debug\pointer.obj
         Debug\pointerArr01.obj
         Debug\pointerArrCase.obj
         Debug\pointerCompare.obj
         Debug\pointerCompare02.obj
         Debug\pointerDemo01.obj
         Debug\pointerDemo02.obj
         Debug\pointerDemo03.obj
         Debug\pointerExercise01.obj
         Debug\pointerPassDemo01.obj
         Debug\pointerPassDemo02.obj
         Debug\preProcessDemo01.obj
         Debug\recursionDemo01.obj
         Debug\recursionExercise.obj
         Debug\returnPointerExercise.obj
         Debug\returnPointerFun.obj
         Debug\returnPointerFunDetail.obj
         Debug\searchSeq.obj
         Debug\stars.obj
         Debug\staticDemo.obj
         Debug\strFun.obj
         Debug\strToBasic.obj
         Debug\structExercise01.obj
         Debug\structMemberDemo02.obj
         Debug\stuAndTeacher.obj
         Debug\studensScore.obj
         Debug\switchDemo.obj
         Debug\switchExercise.obj
         Debug\test.obj
         Debug\timeDemo01.obj
         Debug\typeTransfer.obj
         Debug\unionDemo01.obj
         Debug\varDemo01.obj
         Debug\varDetail.obj
         Debug\varExercise01.obj
         Debug\varExercise02.obj
         Debug\varInitDemo.obj
         Debug\varScope01.obj
         Debug\visitorTicket.obj
         Debug\whileDemo.obj
         Debug\whileExercise.obj
         LINK : 没有找到 C:\Users\Administrator\Documents\Visual Studio 2010\Projects\CProject\Debug\CProject.exe 或上一个增量链接没有生成它；正在执行完全链接
     1>Debug\defineDemo.obj : warning LNK4042: 对象被多次指定；已忽略多余的指定
         CProject.vcxproj -> C:\Users\Administrator\Documents\Visual Studio 2010\Projects\CProject\Debug\CProject.exe
       Manifest:
         C:\Program Files (x86)\Microsoft SDKs\Windows\v7.0A\bin\mt.exe /nologo /verbose /outputresource:"C:\Users\Administrator\Documents\Visual Studio 2010\Projects\CProject\Debug\CProject.exe;#1" /manifest Debug\CProject.exe.intermediate.manifest
       FinalizeBuildStatus:
         正在删除文件“Debug\CProject.unsuccessfulbuild”。
         正在对“Debug\CProject.lastbuildstate”执行 Touch 任务。
     1>已完成生成项目“C:\Users\Administrator\Documents\Visual Studio 2010\Projects\CProject\CProject\CProject.vcxproj”(build 个目标)的操作。

生成成功。

已用时间 00:00:06.53
