C:\USERS\ADMINISTRATOR\DOCUMENTS\VISUAL STUDIO 2010\PROJECTS\CPROJECT\CPROJECT\DEBUG\ADDRESSPASSDEMO.OBJ
C:\USERS\ADMINISTRATOR\DOCUMENTS\VISUAL STUDIO 2010\PROJECTS\CPROJECT\CPROJECT\DEBUG\ALLEXERCISE01.OBJ
C:\USERS\ADMINISTRATOR\DOCUMENTS\VISUAL STUDIO 2010\PROJECTS\CPROJECT\CPROJECT\DEBUG\ALLEXERCISE02.OBJ
C:\USERS\ADMINISTRATOR\DOCUMENTS\VISUAL STUDIO 2010\PROJECTS\CPROJECT\CPROJECT\DEBUG\ARITHMETICDEMO.OBJ
C:\USERS\ADMINISTRATOR\DOCUMENTS\VISUAL STUDIO 2010\PROJECTS\CPROJECT\CPROJECT\DEBUG\ARITHMETICEXERCISE01.OBJ
C:\USERS\ADMINISTRATOR\DOCUMENTS\VISUAL STUDIO 2010\PROJECTS\CPROJECT\CPROJECT\DEBUG\ARITHMETICEXERCISE02.OBJ
C:\USERS\ADMINISTRATOR\DOCUMENTS\VISUAL STUDIO 2010\PROJECTS\CPROJECT\CPROJECT\DEBUG\ARRAYDEMO01.OBJ
C:\USERS\ADMINISTRATOR\DOCUMENTS\VISUAL STUDIO 2010\PROJECTS\CPROJECT\CPROJECT\DEBUG\ARRDEMO02.OBJ
C:\USERS\ADMINISTRATOR\DOCUMENTS\VISUAL STUDIO 2010\PROJECTS\CPROJECT\CPROJECT\DEBUG\ARRDETAIL.OBJ
C:\USERS\ADMINISTRATOR\DOCUMENTS\VISUAL STUDIO 2010\PROJECTS\CPROJECT\CPROJECT\DEBUG\ARREXERCISE.OBJ
C:\USERS\ADMINISTRATOR\DOCUMENTS\VISUAL STUDIO 2010\PROJECTS\CPROJECT\CPROJECT\DEBUG\ASSIGNEDOPERATOR.OBJ
C:\USERS\ADMINISTRATOR\DOCUMENTS\VISUAL STUDIO 2010\PROJECTS\CPROJECT\CPROJECT\DEBUG\BASICTOSTR.OBJ
C:\USERS\ADMINISTRATOR\DOCUMENTS\VISUAL STUDIO 2010\PROJECTS\CPROJECT\CPROJECT\DEBUG\BINARYSEARCH.OBJ
C:\USERS\ADMINISTRATOR\DOCUMENTS\VISUAL STUDIO 2010\PROJECTS\CPROJECT\CPROJECT\DEBUG\BOOLDEMO.OBJ
C:\USERS\ADMINISTRATOR\DOCUMENTS\VISUAL STUDIO 2010\PROJECTS\CPROJECT\CPROJECT\DEBUG\BREAKDEMO.OBJ
C:\USERS\ADMINISTRATOR\DOCUMENTS\VISUAL STUDIO 2010\PROJECTS\CPROJECT\CPROJECT\DEBUG\BREAKEXERCISE02.OBJ
C:\USERS\ADMINISTRATOR\DOCUMENTS\VISUAL STUDIO 2010\PROJECTS\CPROJECT\CPROJECT\DEBUG\BUBBLESORT.OBJ
C:\USERS\ADMINISTRATOR\DOCUMENTS\VISUAL STUDIO 2010\PROJECTS\CPROJECT\CPROJECT\DEBUG\CALLBACKFUN.OBJ
C:\USERS\ADMINISTRATOR\DOCUMENTS\VISUAL STUDIO 2010\PROJECTS\CPROJECT\CPROJECT\DEBUG\CATDEMO.OBJ
C:\USERS\ADMINISTRATOR\DOCUMENTS\VISUAL STUDIO 2010\PROJECTS\CPROJECT\CPROJECT\DEBUG\CHARARRDEMO01.OBJ
C:\USERS\ADMINISTRATOR\DOCUMENTS\VISUAL STUDIO 2010\PROJECTS\CPROJECT\CPROJECT\DEBUG\CHARARRDEMO02.OBJ
C:\USERS\ADMINISTRATOR\DOCUMENTS\VISUAL STUDIO 2010\PROJECTS\CPROJECT\CPROJECT\DEBUG\CHARARRDEMO03.OBJ
C:\USERS\ADMINISTRATOR\DOCUMENTS\VISUAL STUDIO 2010\PROJECTS\CPROJECT\CPROJECT\DEBUG\CHARARRDEMO4.OBJ
C:\USERS\ADMINISTRATOR\DOCUMENTS\VISUAL STUDIO 2010\PROJECTS\CPROJECT\CPROJECT\DEBUG\CHARARRDEMO5.OBJ
C:\USERS\ADMINISTRATOR\DOCUMENTS\VISUAL STUDIO 2010\PROJECTS\CPROJECT\CPROJECT\DEBUG\CHARDEMO.OBJ
C:\Users\Administrator\Documents\Visual Studio 2010\Projects\CProject\CProject\Debug\cl.command.1.tlog
C:\Users\Administrator\Documents\Visual Studio 2010\Projects\CProject\CProject\Debug\CL.read.1.tlog
C:\Users\Administrator\Documents\Visual Studio 2010\Projects\CProject\CProject\Debug\CL.write.1.tlog
C:\USERS\ADMINISTRATOR\DOCUMENTS\VISUAL STUDIO 2010\PROJECTS\CPROJECT\CPROJECT\DEBUG\CONSTDEMO01.OBJ
C:\USERS\ADMINISTRATOR\DOCUMENTS\VISUAL STUDIO 2010\PROJECTS\CPROJECT\CPROJECT\DEBUG\CONSTDEMO02.OBJ
C:\USERS\ADMINISTRATOR\DOCUMENTS\VISUAL STUDIO 2010\PROJECTS\CPROJECT\CPROJECT\DEBUG\CONSTVSDEFINE01.OBJ
C:\USERS\ADMINISTRATOR\DOCUMENTS\VISUAL STUDIO 2010\PROJECTS\CPROJECT\CPROJECT\DEBUG\CONSTVSDEFINE02.OBJ
C:\USERS\ADMINISTRATOR\DOCUMENTS\VISUAL STUDIO 2010\PROJECTS\CPROJECT\CPROJECT\DEBUG\CONTINUEDEMO01.OBJ
C:\USERS\ADMINISTRATOR\DOCUMENTS\VISUAL STUDIO 2010\PROJECTS\CPROJECT\CPROJECT\DEBUG\CONTINUEEXERCISE.OBJ
C:\USERS\ADMINISTRATOR\DOCUMENTS\VISUAL STUDIO 2010\PROJECTS\CPROJECT\CPROJECT\DEBUG\CPROJECT.EXE.INTERMEDIATE.MANIFEST
C:\Users\Administrator\Documents\Visual Studio 2010\Projects\CProject\CProject\Debug\CProject.write.1.tlog
C:\USERS\ADMINISTRATOR\DOCUMENTS\VISUAL STUDIO 2010\PROJECTS\CPROJECT\CPROJECT\DEBUG\CUSTOMERMANAGE.OBJ
C:\USERS\ADMINISTRATOR\DOCUMENTS\VISUAL STUDIO 2010\PROJECTS\CPROJECT\CPROJECT\DEBUG\DEBUGDEMO.OBJ
C:\USERS\ADMINISTRATOR\DOCUMENTS\VISUAL STUDIO 2010\PROJECTS\CPROJECT\CPROJECT\DEBUG\DEBUGDEMO02.OBJ
C:\USERS\ADMINISTRATOR\DOCUMENTS\VISUAL STUDIO 2010\PROJECTS\CPROJECT\CPROJECT\DEBUG\DEBUGDEMO04.OBJ
C:\USERS\ADMINISTRATOR\DOCUMENTS\VISUAL STUDIO 2010\PROJECTS\CPROJECT\CPROJECT\DEBUG\DEBUGDEMO3.OBJ
C:\USERS\ADMINISTRATOR\DOCUMENTS\VISUAL STUDIO 2010\PROJECTS\CPROJECT\CPROJECT\DEBUG\DEFINEDEMO.OBJ
C:\USERS\ADMINISTRATOR\DOCUMENTS\VISUAL STUDIO 2010\PROJECTS\CPROJECT\CPROJECT\DEBUG\DOWHILEDEMO.OBJ
C:\USERS\ADMINISTRATOR\DOCUMENTS\VISUAL STUDIO 2010\PROJECTS\CPROJECT\CPROJECT\DEBUG\DOWHILEEXERCISE.OBJ
C:\USERS\ADMINISTRATOR\DOCUMENTS\VISUAL STUDIO 2010\PROJECTS\CPROJECT\CPROJECT\DEBUG\ENUMDEMO.OBJ
C:\USERS\ADMINISTRATOR\DOCUMENTS\VISUAL STUDIO 2010\PROJECTS\CPROJECT\CPROJECT\DEBUG\ENUMDEMO02.OBJ
C:\USERS\ADMINISTRATOR\DOCUMENTS\VISUAL STUDIO 2010\PROJECTS\CPROJECT\CPROJECT\DEBUG\ENUMSWITCHDEMO.OBJ
C:\USERS\ADMINISTRATOR\DOCUMENTS\VISUAL STUDIO 2010\PROJECTS\CPROJECT\CPROJECT\DEBUG\EXERCISE01.OBJ
C:\USERS\ADMINISTRATOR\DOCUMENTS\VISUAL STUDIO 2010\PROJECTS\CPROJECT\CPROJECT\DEBUG\EXERCISE02.OBJ
C:\USERS\ADMINISTRATOR\DOCUMENTS\VISUAL STUDIO 2010\PROJECTS\CPROJECT\CPROJECT\DEBUG\EXERCISE03.OBJ
C:\USERS\ADMINISTRATOR\DOCUMENTS\VISUAL STUDIO 2010\PROJECTS\CPROJECT\CPROJECT\DEBUG\FILE01.OBJ
C:\USERS\ADMINISTRATOR\DOCUMENTS\VISUAL STUDIO 2010\PROJECTS\CPROJECT\CPROJECT\DEBUG\FILE02.OBJ
C:\USERS\ADMINISTRATOR\DOCUMENTS\VISUAL STUDIO 2010\PROJECTS\CPROJECT\CPROJECT\DEBUG\FILE03.OBJ
C:\USERS\ADMINISTRATOR\DOCUMENTS\VISUAL STUDIO 2010\PROJECTS\CPROJECT\CPROJECT\DEBUG\FILE04.OBJ
C:\USERS\ADMINISTRATOR\DOCUMENTS\VISUAL STUDIO 2010\PROJECTS\CPROJECT\CPROJECT\DEBUG\FILEDEMO01.OBJ
C:\USERS\ADMINISTRATOR\DOCUMENTS\VISUAL STUDIO 2010\PROJECTS\CPROJECT\CPROJECT\DEBUG\FILEDEMO02.OBJ
C:\USERS\ADMINISTRATOR\DOCUMENTS\VISUAL STUDIO 2010\PROJECTS\CPROJECT\CPROJECT\DEBUG\FILEDEMO03.OBJ
C:\USERS\ADMINISTRATOR\DOCUMENTS\VISUAL STUDIO 2010\PROJECTS\CPROJECT\CPROJECT\DEBUG\FILEDEMO04.OBJ
C:\USERS\ADMINISTRATOR\DOCUMENTS\VISUAL STUDIO 2010\PROJECTS\CPROJECT\CPROJECT\DEBUG\FILEDEMO05.OBJ
C:\USERS\ADMINISTRATOR\DOCUMENTS\VISUAL STUDIO 2010\PROJECTS\CPROJECT\CPROJECT\DEBUG\FLOATDOUBLEDEMO.OBJ
C:\USERS\ADMINISTRATOR\DOCUMENTS\VISUAL STUDIO 2010\PROJECTS\CPROJECT\CPROJECT\DEBUG\FORCETYPETRANSFER.OBJ
C:\USERS\ADMINISTRATOR\DOCUMENTS\VISUAL STUDIO 2010\PROJECTS\CPROJECT\CPROJECT\DEBUG\FORDEMO01.OBJ
C:\USERS\ADMINISTRATOR\DOCUMENTS\VISUAL STUDIO 2010\PROJECTS\CPROJECT\CPROJECT\DEBUG\FOREXERCISE01.OBJ
C:\USERS\ADMINISTRATOR\DOCUMENTS\VISUAL STUDIO 2010\PROJECTS\CPROJECT\CPROJECT\DEBUG\FUNCDEMO01.OBJ
C:\USERS\ADMINISTRATOR\DOCUMENTS\VISUAL STUDIO 2010\PROJECTS\CPROJECT\CPROJECT\DEBUG\FUNCEXERCISE01.OBJ
C:\USERS\ADMINISTRATOR\DOCUMENTS\VISUAL STUDIO 2010\PROJECTS\CPROJECT\CPROJECT\DEBUG\FUNCTHEORY.OBJ
C:\USERS\ADMINISTRATOR\DOCUMENTS\VISUAL STUDIO 2010\PROJECTS\CPROJECT\CPROJECT\DEBUG\FUNDETAILEXERCISE.OBJ
C:\USERS\ADMINISTRATOR\DOCUMENTS\VISUAL STUDIO 2010\PROJECTS\CPROJECT\CPROJECT\DEBUG\FUNDETAILS.OBJ
C:\USERS\ADMINISTRATOR\DOCUMENTS\VISUAL STUDIO 2010\PROJECTS\CPROJECT\CPROJECT\DEBUG\FUNPOINTER.OBJ
C:\USERS\ADMINISTRATOR\DOCUMENTS\VISUAL STUDIO 2010\PROJECTS\CPROJECT\CPROJECT\DEBUG\FUNVSDEFINE.OBJ
C:\USERS\ADMINISTRATOR\DOCUMENTS\VISUAL STUDIO 2010\PROJECTS\CPROJECT\CPROJECT\DEBUG\GOTODEMO.OBJ
C:\USERS\ADMINISTRATOR\DOCUMENTS\VISUAL STUDIO 2010\PROJECTS\CPROJECT\CPROJECT\DEBUG\HELLO.OBJ
C:\USERS\ADMINISTRATOR\DOCUMENTS\VISUAL STUDIO 2010\PROJECTS\CPROJECT\CPROJECT\DEBUG\IFDEMO.OBJ
C:\USERS\ADMINISTRATOR\DOCUMENTS\VISUAL STUDIO 2010\PROJECTS\CPROJECT\CPROJECT\DEBUG\IFELSEDEMO.OBJ
C:\USERS\ADMINISTRATOR\DOCUMENTS\VISUAL STUDIO 2010\PROJECTS\CPROJECT\CPROJECT\DEBUG\IFELSEEXERCISE.OBJ
C:\USERS\ADMINISTRATOR\DOCUMENTS\VISUAL STUDIO 2010\PROJECTS\CPROJECT\CPROJECT\DEBUG\INPUTDEMO.OBJ
C:\USERS\ADMINISTRATOR\DOCUMENTS\VISUAL STUDIO 2010\PROJECTS\CPROJECT\CPROJECT\DEBUG\INTDEMO.OBJ
C:\USERS\ADMINISTRATOR\DOCUMENTS\VISUAL STUDIO 2010\PROJECTS\CPROJECT\CPROJECT\DEBUG\INTDETAIL.OBJ
C:\Users\Administrator\Documents\Visual Studio 2010\Projects\CProject\CProject\Debug\link.command.1.tlog
C:\Users\Administrator\Documents\Visual Studio 2010\Projects\CProject\CProject\Debug\link.read.1.tlog
C:\Users\Administrator\Documents\Visual Studio 2010\Projects\CProject\CProject\Debug\link.write.1.tlog
C:\USERS\ADMINISTRATOR\DOCUMENTS\VISUAL STUDIO 2010\PROJECTS\CPROJECT\CPROJECT\DEBUG\LOGICOPERATOR.OBJ
C:\USERS\ADMINISTRATOR\DOCUMENTS\VISUAL STUDIO 2010\PROJECTS\CPROJECT\CPROJECT\DEBUG\MALLOCDEMO.OBJ
C:\USERS\ADMINISTRATOR\DOCUMENTS\VISUAL STUDIO 2010\PROJECTS\CPROJECT\CPROJECT\DEBUG\MEMBERNOTICE.OBJ
C:\Users\Administrator\Documents\Visual Studio 2010\Projects\CProject\CProject\Debug\mt.command.1.tlog
C:\Users\Administrator\Documents\Visual Studio 2010\Projects\CProject\CProject\Debug\mt.read.1.tlog
C:\Users\Administrator\Documents\Visual Studio 2010\Projects\CProject\CProject\Debug\mt.write.1.tlog
C:\USERS\ADMINISTRATOR\DOCUMENTS\VISUAL STUDIO 2010\PROJECTS\CPROJECT\CPROJECT\DEBUG\MUITLARREXERCISE01.OBJ
C:\USERS\ADMINISTRATOR\DOCUMENTS\VISUAL STUDIO 2010\PROJECTS\CPROJECT\CPROJECT\DEBUG\MUITLPOINTERDEMO.OBJ
C:\USERS\ADMINISTRATOR\DOCUMENTS\VISUAL STUDIO 2010\PROJECTS\CPROJECT\CPROJECT\DEBUG\MULOPERATOR.OBJ
C:\USERS\ADMINISTRATOR\DOCUMENTS\VISUAL STUDIO 2010\PROJECTS\CPROJECT\CPROJECT\DEBUG\MULTIARRDEMO01.OBJ
C:\USERS\ADMINISTRATOR\DOCUMENTS\VISUAL STUDIO 2010\PROJECTS\CPROJECT\CPROJECT\DEBUG\MULTIFOREXERCISE01.OBJ
C:\USERS\ADMINISTRATOR\DOCUMENTS\VISUAL STUDIO 2010\PROJECTS\CPROJECT\CPROJECT\DEBUG\MULTIFOREXERCISE02.OBJ
C:\USERS\ADMINISTRATOR\DOCUMENTS\VISUAL STUDIO 2010\PROJECTS\CPROJECT\CPROJECT\DEBUG\MULTIIFELSE.OBJ
C:\USERS\ADMINISTRATOR\DOCUMENTS\VISUAL STUDIO 2010\PROJECTS\CPROJECT\CPROJECT\DEBUG\MULTIIFELSE02.OBJ
C:\USERS\ADMINISTRATOR\DOCUMENTS\VISUAL STUDIO 2010\PROJECTS\CPROJECT\CPROJECT\DEBUG\MULTIPARAMETERFUN.OBJ
C:\USERS\ADMINISTRATOR\DOCUMENTS\VISUAL STUDIO 2010\PROJECTS\CPROJECT\CPROJECT\DEBUG\MYACCOUNT.OBJ
C:\USERS\ADMINISTRATOR\DOCUMENTS\VISUAL STUDIO 2010\PROJECTS\CPROJECT\CPROJECT\DEBUG\MYACCOUNT2.OBJ
C:\USERS\ADMINISTRATOR\DOCUMENTS\VISUAL STUDIO 2010\PROJECTS\CPROJECT\CPROJECT\DEBUG\MYEXERCISE.OBJ
C:\USERS\ADMINISTRATOR\DOCUMENTS\VISUAL STUDIO 2010\PROJECTS\CPROJECT\CPROJECT\DEBUG\MYFUN.OBJ
C:\USERS\ADMINISTRATOR\DOCUMENTS\VISUAL STUDIO 2010\PROJECTS\CPROJECT\CPROJECT\DEBUG\NESTEDIFELSE.OBJ
C:\USERS\ADMINISTRATOR\DOCUMENTS\VISUAL STUDIO 2010\PROJECTS\CPROJECT\CPROJECT\DEBUG\NULLPOINTER.OBJ
C:\USERS\ADMINISTRATOR\DOCUMENTS\VISUAL STUDIO 2010\PROJECTS\CPROJECT\CPROJECT\DEBUG\OPERATORDEMO.OBJ
C:\USERS\ADMINISTRATOR\DOCUMENTS\VISUAL STUDIO 2010\PROJECTS\CPROJECT\CPROJECT\DEBUG\PARAMETERDEFINE.OBJ
C:\USERS\ADMINISTRATOR\DOCUMENTS\VISUAL STUDIO 2010\PROJECTS\CPROJECT\CPROJECT\DEBUG\POINTER.OBJ
C:\USERS\ADMINISTRATOR\DOCUMENTS\VISUAL STUDIO 2010\PROJECTS\CPROJECT\CPROJECT\DEBUG\POINTERARR01.OBJ
C:\USERS\ADMINISTRATOR\DOCUMENTS\VISUAL STUDIO 2010\PROJECTS\CPROJECT\CPROJECT\DEBUG\POINTERARRCASE.OBJ
C:\USERS\ADMINISTRATOR\DOCUMENTS\VISUAL STUDIO 2010\PROJECTS\CPROJECT\CPROJECT\DEBUG\POINTERCOMPARE.OBJ
C:\USERS\ADMINISTRATOR\DOCUMENTS\VISUAL STUDIO 2010\PROJECTS\CPROJECT\CPROJECT\DEBUG\POINTERCOMPARE02.OBJ
C:\USERS\ADMINISTRATOR\DOCUMENTS\VISUAL STUDIO 2010\PROJECTS\CPROJECT\CPROJECT\DEBUG\POINTERDEMO01.OBJ
C:\USERS\ADMINISTRATOR\DOCUMENTS\VISUAL STUDIO 2010\PROJECTS\CPROJECT\CPROJECT\DEBUG\POINTERDEMO02.OBJ
C:\USERS\ADMINISTRATOR\DOCUMENTS\VISUAL STUDIO 2010\PROJECTS\CPROJECT\CPROJECT\DEBUG\POINTERDEMO03.OBJ
C:\USERS\ADMINISTRATOR\DOCUMENTS\VISUAL STUDIO 2010\PROJECTS\CPROJECT\CPROJECT\DEBUG\POINTEREXERCISE01.OBJ
C:\USERS\ADMINISTRATOR\DOCUMENTS\VISUAL STUDIO 2010\PROJECTS\CPROJECT\CPROJECT\DEBUG\POINTERPASSDEMO01.OBJ
C:\USERS\ADMINISTRATOR\DOCUMENTS\VISUAL STUDIO 2010\PROJECTS\CPROJECT\CPROJECT\DEBUG\POINTERPASSDEMO02.OBJ
C:\USERS\ADMINISTRATOR\DOCUMENTS\VISUAL STUDIO 2010\PROJECTS\CPROJECT\CPROJECT\DEBUG\PREPROCESSDEMO01.OBJ
C:\USERS\ADMINISTRATOR\DOCUMENTS\VISUAL STUDIO 2010\PROJECTS\CPROJECT\CPROJECT\DEBUG\RECURSIONDEMO01.OBJ
C:\USERS\ADMINISTRATOR\DOCUMENTS\VISUAL STUDIO 2010\PROJECTS\CPROJECT\CPROJECT\DEBUG\RECURSIONEXERCISE.OBJ
C:\USERS\ADMINISTRATOR\DOCUMENTS\VISUAL STUDIO 2010\PROJECTS\CPROJECT\CPROJECT\DEBUG\RETURNPOINTEREXERCISE.OBJ
C:\USERS\ADMINISTRATOR\DOCUMENTS\VISUAL STUDIO 2010\PROJECTS\CPROJECT\CPROJECT\DEBUG\RETURNPOINTERFUN.OBJ
C:\USERS\ADMINISTRATOR\DOCUMENTS\VISUAL STUDIO 2010\PROJECTS\CPROJECT\CPROJECT\DEBUG\RETURNPOINTERFUNDETAIL.OBJ
C:\USERS\ADMINISTRATOR\DOCUMENTS\VISUAL STUDIO 2010\PROJECTS\CPROJECT\CPROJECT\DEBUG\SEARCHSEQ.OBJ
C:\USERS\ADMINISTRATOR\DOCUMENTS\VISUAL STUDIO 2010\PROJECTS\CPROJECT\CPROJECT\DEBUG\STARS.OBJ
C:\USERS\ADMINISTRATOR\DOCUMENTS\VISUAL STUDIO 2010\PROJECTS\CPROJECT\CPROJECT\DEBUG\STATICDEMO.OBJ
C:\USERS\ADMINISTRATOR\DOCUMENTS\VISUAL STUDIO 2010\PROJECTS\CPROJECT\CPROJECT\DEBUG\STRFUN.OBJ
C:\USERS\ADMINISTRATOR\DOCUMENTS\VISUAL STUDIO 2010\PROJECTS\CPROJECT\CPROJECT\DEBUG\STRTOBASIC.OBJ
C:\USERS\ADMINISTRATOR\DOCUMENTS\VISUAL STUDIO 2010\PROJECTS\CPROJECT\CPROJECT\DEBUG\STRUCTEXERCISE01.OBJ
C:\USERS\ADMINISTRATOR\DOCUMENTS\VISUAL STUDIO 2010\PROJECTS\CPROJECT\CPROJECT\DEBUG\STRUCTMEMBERDEMO02.OBJ
C:\USERS\ADMINISTRATOR\DOCUMENTS\VISUAL STUDIO 2010\PROJECTS\CPROJECT\CPROJECT\DEBUG\STUANDTEACHER.OBJ
C:\USERS\ADMINISTRATOR\DOCUMENTS\VISUAL STUDIO 2010\PROJECTS\CPROJECT\CPROJECT\DEBUG\STUDENSSCORE.OBJ
C:\USERS\ADMINISTRATOR\DOCUMENTS\VISUAL STUDIO 2010\PROJECTS\CPROJECT\CPROJECT\DEBUG\SWITCHDEMO.OBJ
C:\USERS\ADMINISTRATOR\DOCUMENTS\VISUAL STUDIO 2010\PROJECTS\CPROJECT\CPROJECT\DEBUG\SWITCHEXERCISE.OBJ
C:\USERS\ADMINISTRATOR\DOCUMENTS\VISUAL STUDIO 2010\PROJECTS\CPROJECT\CPROJECT\DEBUG\TEST.OBJ
C:\USERS\ADMINISTRATOR\DOCUMENTS\VISUAL STUDIO 2010\PROJECTS\CPROJECT\CPROJECT\DEBUG\TIMEDEMO01.OBJ
C:\USERS\ADMINISTRATOR\DOCUMENTS\VISUAL STUDIO 2010\PROJECTS\CPROJECT\CPROJECT\DEBUG\TYPETRANSFER.OBJ
C:\USERS\ADMINISTRATOR\DOCUMENTS\VISUAL STUDIO 2010\PROJECTS\CPROJECT\CPROJECT\DEBUG\UNIONDEMO01.OBJ
C:\USERS\ADMINISTRATOR\DOCUMENTS\VISUAL STUDIO 2010\PROJECTS\CPROJECT\CPROJECT\DEBUG\VARDEMO01.OBJ
C:\USERS\ADMINISTRATOR\DOCUMENTS\VISUAL STUDIO 2010\PROJECTS\CPROJECT\CPROJECT\DEBUG\VARDETAIL.OBJ
C:\USERS\ADMINISTRATOR\DOCUMENTS\VISUAL STUDIO 2010\PROJECTS\CPROJECT\CPROJECT\DEBUG\VAREXERCISE01.OBJ
C:\USERS\ADMINISTRATOR\DOCUMENTS\VISUAL STUDIO 2010\PROJECTS\CPROJECT\CPROJECT\DEBUG\VAREXERCISE02.OBJ
C:\USERS\ADMINISTRATOR\DOCUMENTS\VISUAL STUDIO 2010\PROJECTS\CPROJECT\CPROJECT\DEBUG\VARINITDEMO.OBJ
C:\USERS\ADMINISTRATOR\DOCUMENTS\VISUAL STUDIO 2010\PROJECTS\CPROJECT\CPROJECT\DEBUG\VARSCOPE01.OBJ
C:\Users\Administrator\Documents\Visual Studio 2010\Projects\CProject\CProject\Debug\vc100.idb
C:\USERS\ADMINISTRATOR\DOCUMENTS\VISUAL STUDIO 2010\PROJECTS\CPROJECT\CPROJECT\DEBUG\VC100.PDB
C:\USERS\ADMINISTRATOR\DOCUMENTS\VISUAL STUDIO 2010\PROJECTS\CPROJECT\CPROJECT\DEBUG\VISITORTICKET.OBJ
C:\USERS\ADMINISTRATOR\DOCUMENTS\VISUAL STUDIO 2010\PROJECTS\CPROJECT\CPROJECT\DEBUG\WHILEDEMO.OBJ
C:\USERS\ADMINISTRATOR\DOCUMENTS\VISUAL STUDIO 2010\PROJECTS\CPROJECT\CPROJECT\DEBUG\WHILEEXERCISE.OBJ
C:\USERS\ADMINISTRATOR\DOCUMENTS\VISUAL STUDIO 2010\PROJECTS\CPROJECT\DEBUG\CPROJECT.EXE
C:\USERS\ADMINISTRATOR\DOCUMENTS\VISUAL STUDIO 2010\PROJECTS\CPROJECT\DEBUG\CPROJECT.ILK
C:\USERS\ADMINISTRATOR\DOCUMENTS\VISUAL STUDIO 2010\PROJECTS\CPROJECT\DEBUG\CPROJECT.PDB
