C:\USERS\ADMINISTRATOR\DOCUMENTS\VISUAL STUDIO 2010\PROJECTS\CEXAMS\CEXAMS\DEBUG\CEXAMS.EXE.INTERMEDIATE.MANIFEST
C:\Users\Administrator\Documents\Visual Studio 2010\Projects\CExams\CExams\Debug\cl.command.1.tlog
C:\Users\Administrator\Documents\Visual Studio 2010\Projects\CExams\CExams\Debug\CL.read.1.tlog
C:\Users\Administrator\Documents\Visual Studio 2010\Projects\CExams\CExams\Debug\CL.write.1.tlog
C:\USERS\ADMINISTRATOR\DOCUMENTS\VISUAL STUDIO 2010\PROJECTS\CEXAMS\CEXAMS\DEBUG\EXAM01.OBJ
C:\USERS\ADMINISTRATOR\DOCUMENTS\VISUAL STUDIO 2010\PROJECTS\CEXAMS\CEXAMS\DEBUG\EXAM01-02.OBJ
C:\USERS\ADMINISTRATOR\DOCUMENTS\VISUAL STUDIO 2010\PROJECTS\CEXAMS\CEXAMS\DEBUG\EXAM01-03.OBJ
C:\USERS\ADMINISTRATOR\DOCUMENTS\VISUAL STUDIO 2010\PROJECTS\CEXAMS\CEXAMS\DEBUG\EXAM02-01.OBJ
C:\USERS\ADMINISTRATOR\DOCUMENTS\VISUAL STUDIO 2010\PROJECTS\CEXAMS\CEXAMS\DEBUG\EXAM02-02.OBJ
C:\USERS\ADMINISTRATOR\DOCUMENTS\VISUAL STUDIO 2010\PROJECTS\CEXAMS\CEXAMS\DEBUG\EXAM02-03.OBJ
C:\USERS\ADMINISTRATOR\DOCUMENTS\VISUAL STUDIO 2010\PROJECTS\CEXAMS\CEXAMS\DEBUG\EXAM03-01.OBJ
C:\USERS\ADMINISTRATOR\DOCUMENTS\VISUAL STUDIO 2010\PROJECTS\CEXAMS\CEXAMS\DEBUG\EXAM03-03.OBJ
C:\USERS\ADMINISTRATOR\DOCUMENTS\VISUAL STUDIO 2010\PROJECTS\CEXAMS\CEXAMS\DEBUG\EXAM04-01.OBJ
C:\USERS\ADMINISTRATOR\DOCUMENTS\VISUAL STUDIO 2010\PROJECTS\CEXAMS\CEXAMS\DEBUG\EXAM04-02.OBJ
C:\USERS\ADMINISTRATOR\DOCUMENTS\VISUAL STUDIO 2010\PROJECTS\CEXAMS\CEXAMS\DEBUG\EXAM04-03.OBJ
C:\USERS\ADMINISTRATOR\DOCUMENTS\VISUAL STUDIO 2010\PROJECTS\CEXAMS\CEXAMS\DEBUG\EXAM05-01.OBJ
C:\USERS\ADMINISTRATOR\DOCUMENTS\VISUAL STUDIO 2010\PROJECTS\CEXAMS\CEXAMS\DEBUG\EXAM05-03.OBJ
C:\USERS\ADMINISTRATOR\DOCUMENTS\VISUAL STUDIO 2010\PROJECTS\CEXAMS\CEXAMS\DEBUG\EXAM07-01.OBJ
C:\USERS\ADMINISTRATOR\DOCUMENTS\VISUAL STUDIO 2010\PROJECTS\CEXAMS\CEXAMS\DEBUG\EXAM07-02.OBJ
C:\USERS\ADMINISTRATOR\DOCUMENTS\VISUAL STUDIO 2010\PROJECTS\CEXAMS\CEXAMS\DEBUG\EXAM07-03.OBJ
C:\USERS\ADMINISTRATOR\DOCUMENTS\VISUAL STUDIO 2010\PROJECTS\CEXAMS\CEXAMS\DEBUG\EXAM08-01.OBJ
C:\USERS\ADMINISTRATOR\DOCUMENTS\VISUAL STUDIO 2010\PROJECTS\CEXAMS\CEXAMS\DEBUG\EXAM08-02.OBJ
C:\USERS\ADMINISTRATOR\DOCUMENTS\VISUAL STUDIO 2010\PROJECTS\CEXAMS\CEXAMS\DEBUG\EXAM08-03.OBJ
C:\USERS\ADMINISTRATOR\DOCUMENTS\VISUAL STUDIO 2010\PROJECTS\CEXAMS\CEXAMS\DEBUG\EXAM10-01.OBJ
C:\USERS\ADMINISTRATOR\DOCUMENTS\VISUAL STUDIO 2010\PROJECTS\CEXAMS\CEXAMS\DEBUG\EXAM10-02.OBJ
C:\USERS\ADMINISTRATOR\DOCUMENTS\VISUAL STUDIO 2010\PROJECTS\CEXAMS\CEXAMS\DEBUG\EXAM10-03.OBJ
C:\USERS\ADMINISTRATOR\DOCUMENTS\VISUAL STUDIO 2010\PROJECTS\CEXAMS\CEXAMS\DEBUG\EXAM11-01.OBJ
C:\USERS\ADMINISTRATOR\DOCUMENTS\VISUAL STUDIO 2010\PROJECTS\CEXAMS\CEXAMS\DEBUG\EXAM11-02.OBJ
C:\USERS\ADMINISTRATOR\DOCUMENTS\VISUAL STUDIO 2010\PROJECTS\CEXAMS\CEXAMS\DEBUG\EXAM11-03.OBJ
C:\USERS\ADMINISTRATOR\DOCUMENTS\VISUAL STUDIO 2010\PROJECTS\CEXAMS\CEXAMS\DEBUG\EXAM13-01.OBJ
C:\USERS\ADMINISTRATOR\DOCUMENTS\VISUAL STUDIO 2010\PROJECTS\CEXAMS\CEXAMS\DEBUG\EXAM13-02.OBJ
C:\USERS\ADMINISTRATOR\DOCUMENTS\VISUAL STUDIO 2010\PROJECTS\CEXAMS\CEXAMS\DEBUG\EXAM13-03.OBJ
C:\USERS\ADMINISTRATOR\DOCUMENTS\VISUAL STUDIO 2010\PROJECTS\CEXAMS\CEXAMS\DEBUG\EXAM14-01.OBJ
C:\USERS\ADMINISTRATOR\DOCUMENTS\VISUAL STUDIO 2010\PROJECTS\CEXAMS\CEXAMS\DEBUG\EXAM14-02.OBJ
C:\USERS\ADMINISTRATOR\DOCUMENTS\VISUAL STUDIO 2010\PROJECTS\CEXAMS\CEXAMS\DEBUG\EXAM14-03.OBJ
C:\USERS\ADMINISTRATOR\DOCUMENTS\VISUAL STUDIO 2010\PROJECTS\CEXAMS\CEXAMS\DEBUG\EXAM17-01.OBJ
C:\USERS\ADMINISTRATOR\DOCUMENTS\VISUAL STUDIO 2010\PROJECTS\CEXAMS\CEXAMS\DEBUG\EXAM17-02.OBJ
C:\USERS\ADMINISTRATOR\DOCUMENTS\VISUAL STUDIO 2010\PROJECTS\CEXAMS\CEXAMS\DEBUG\EXMA03-02.OBJ
C:\Users\Administrator\Documents\Visual Studio 2010\Projects\CExams\CExams\Debug\link.command.1.tlog
C:\Users\Administrator\Documents\Visual Studio 2010\Projects\CExams\CExams\Debug\link.read.1.tlog
C:\Users\Administrator\Documents\Visual Studio 2010\Projects\CExams\CExams\Debug\link.write.1.tlog
C:\Users\Administrator\Documents\Visual Studio 2010\Projects\CExams\CExams\Debug\mt.command.1.tlog
C:\Users\Administrator\Documents\Visual Studio 2010\Projects\CExams\CExams\Debug\mt.read.1.tlog
C:\Users\Administrator\Documents\Visual Studio 2010\Projects\CExams\CExams\Debug\mt.write.1.tlog
C:\USERS\ADMINISTRATOR\DOCUMENTS\VISUAL STUDIO 2010\PROJECTS\CEXAMS\CEXAMS\DEBUG\TEST.OBJ
C:\Users\Administrator\Documents\Visual Studio 2010\Projects\CExams\CExams\Debug\vc100.idb
C:\USERS\ADMINISTRATOR\DOCUMENTS\VISUAL STUDIO 2010\PROJECTS\CEXAMS\CEXAMS\DEBUG\VC100.PDB
C:\USERS\ADMINISTRATOR\DOCUMENTS\VISUAL STUDIO 2010\PROJECTS\CEXAMS\DEBUG\CEXAMS.EXE
C:\USERS\ADMINISTRATOR\DOCUMENTS\VISUAL STUDIO 2010\PROJECTS\CEXAMS\DEBUG\CEXAMS.ILK
C:\USERS\ADMINISTRATOR\DOCUMENTS\VISUAL STUDIO 2010\PROJECTS\CEXAMS\DEBUG\CEXAMS.PDB
